c:\users\steven\documents\github\gimbalsimulator\gimbalsimulator\x64\debug\vc142.pdb
c:\users\steven\documents\github\gimbalsimulator\gimbalsimulator\x64\debug\vc142.idb
c:\users\steven\documents\github\gimbalsimulator\gimbalsimulator\x64\debug\yawpitchroll.obj
c:\users\steven\documents\github\gimbalsimulator\gimbalsimulator\x64\debug\vectorkalmanfilter.obj
c:\users\steven\documents\github\gimbalsimulator\gimbalsimulator\x64\debug\vector.obj
c:\users\steven\documents\github\gimbalsimulator\gimbalsimulator\x64\debug\rotationmatrix.obj
c:\users\steven\documents\github\gimbalsimulator\gimbalsimulator\x64\debug\rotation.obj
c:\users\steven\documents\github\gimbalsimulator\gimbalsimulator\x64\debug\quaternion.obj
c:\users\steven\documents\github\gimbalsimulator\gimbalsimulator\x64\debug\mathematics.obj
c:\users\steven\documents\github\gimbalsimulator\gimbalsimulator\x64\debug\main.obj
c:\users\steven\documents\github\gimbalsimulator\gimbalsimulator\x64\debug\kalmanfilter.obj
c:\users\steven\documents\github\gimbalsimulator\gimbalsimulator\x64\debug\eulerorder.obj
c:\users\steven\documents\github\gimbalsimulator\gimbalsimulator\x64\debug\eulerconstants.obj
c:\users\steven\documents\github\gimbalsimulator\gimbalsimulator\x64\debug\eulerangles.obj
c:\users\steven\documents\github\gimbalsimulator\gimbalsimulator\x64\debug\directionangle.obj
c:\users\steven\documents\github\gimbalsimulator\gimbalsimulator\x64\debug\axisangle.obj
c:\users\steven\documents\github\gimbalsimulator\gimbalsimulator\x64\debug\average.obj
c:\users\steven\documents\github\gimbalsimulator\gimbalsimulator\x64\debug\vectoraverage.obj
c:\users\steven\documents\github\gimbalsimulator\gimbalsimulator\x64\debug\noise.obj
c:\users\steven\documents\github\gimbalsimulator\gimbalsimulator\x64\debug\mpunoisifier.obj
c:\users\steven\documents\github\gimbalsimulator\gimbalsimulator\x64\debug\mpu.obj
c:\users\steven\documents\github\gimbalsimulator\x64\debug\gimbalsimulator.exe
c:\users\steven\documents\github\gimbalsimulator\x64\debug\gimbalsimulator.ilk
c:\users\steven\documents\github\gimbalsimulator\x64\debug\gimbalsimulator.pdb
c:\users\steven\documents\github\gimbalsimulator\gimbalsimulator\x64\debug\gimbalsimulator.tlog\cl.command.1.tlog
c:\users\steven\documents\github\gimbalsimulator\gimbalsimulator\x64\debug\gimbalsimulator.tlog\cl.read.1.tlog
c:\users\steven\documents\github\gimbalsimulator\gimbalsimulator\x64\debug\gimbalsimulator.tlog\cl.write.1.tlog
c:\users\steven\documents\github\gimbalsimulator\gimbalsimulator\x64\debug\gimbalsimulator.tlog\link.command.1.tlog
c:\users\steven\documents\github\gimbalsimulator\gimbalsimulator\x64\debug\gimbalsimulator.tlog\link.read.1.tlog
c:\users\steven\documents\github\gimbalsimulator\gimbalsimulator\x64\debug\gimbalsimulator.tlog\link.write.1.tlog
